<?xml version="1.0" encoding="UTF-8"?>
<!-- Generated by org.testng.reporters.JUnitReportReporter -->
<testsuite hostname="DESKTOP-3EP6P31" failures="0" tests="4" name="TestCases.DemoTestCases" time="27.446" errors="0" timestamp="2024-01-19T17:46:37 IST" skipped="0">
  <testcase classname="TestCases.DemoTestCases" name="URLValidation" time="5.673"/>
  <system-out/>
  <testcase classname="TestCases.DemoTestCases" name="DemoRegister" time="6.615"/>
  <system-out/>
  <testcase classname="TestCases.DemoTestCases" name="titleValidation" time="7.068"/>
  <system-out/>
  <testcase classname="TestCases.DemoTestCases" name="DemoRegister" time="8.090"/>
  <system-out/>
</testsuite> <!-- TestCases.DemoTestCases -->
