<?xml version="1.0" encoding="UTF-8"?>
<!-- Generated by org.testng.reporters.JUnitReportReporter -->
<testsuite hostname="DESKTOP-3EP6P31" failures="0" tests="4" name="TestCases.SignUpTestCases" time="62.786" errors="0" timestamp="2024-01-19T17:35:16 IST" skipped="0">
  <testcase classname="TestCases.SignUpTestCases" name="Personalnformation" time="21.174"/>
  <system-out/>
  <testcase classname="TestCases.SignUpTestCases" name="Personalnformation" time="18.882"/>
  <system-out/>
  <testcase classname="TestCases.SignUpTestCases" name="titleValidation" time="11.335"/>
  <system-out/>
  <testcase classname="TestCases.SignUpTestCases" name="URLValidation" time="11.395"/>
  <system-out/>
</testsuite> <!-- TestCases.SignUpTestCases -->
