<?xml version="1.0" encoding="UTF-8"?>
<!-- Generated by org.testng.reporters.JUnitReportReporter -->
<testsuite hostname="DESKTOP-3EP6P31" failures="0" tests="1" name="TestCases.Demo" time="16.886" errors="0" timestamp="2024-01-12T16:27:27 IST" skipped="0">
  <testcase classname="TestCases.Demo" name="Test" time="16.886"/>
  <system-out/>
</testsuite> <!-- TestCases.Demo -->
